<?xml version="1.0" encoding="UTF-8"?>
<!-- Generated by org.testng.reporters.JUnitReportReporter -->
<testsuite hostname="DESKTOP-LENK0RJ" failures="0" tests="3" name="testcase.TC_001" time="38.667" errors="0" timestamp="2023-12-16T21:18:03 ACDT" skipped="0">
  <testcase classname="testcase.TC_001" name="Login" time="10.854"/>
  <testcase classname="testcase.TC_001" name="Login" time="10.869"/>
  <testcase classname="testcase.TC_001" name="Login" time="16.944"/>
</testsuite> <!-- testcase.TC_001 -->
